This is pdfTeX, Version 3.1415926-2.5-1.40.14 (TeX Live 2013/Debian) (format=pdflatex 2015.11.5)  13 APR 2016 23:00
entering extended mode
 restricted \write18 enabled.
 %&-line parsing enabled.
**thesis.tex
(./thesis.tex
LaTeX2e <2011/06/27>
Babel <3.9h> and hyphenation patterns for 4 languages loaded.
(/usr/share/texlive/texmf-dist/tex/latex/koma-script/scrreprt.cls
Document Class: scrreprt 2013/12/19 v3.12 KOMA-Script document class (report)
(/usr/share/texlive/texmf-dist/tex/latex/koma-script/scrkbase.sty
Package: scrkbase 2013/12/19 v3.12 KOMA-Script package (KOMA-Script-dependent b
asics and keyval usage)

(/usr/share/texlive/texmf-dist/tex/latex/koma-script/scrbase.sty
Package: scrbase 2013/12/19 v3.12 KOMA-Script package (KOMA-Script-independent 
basics and keyval usage)

(/usr/share/texlive/texmf-dist/tex/latex/graphics/keyval.sty
Package: keyval 1999/03/16 v1.13 key=value parser (DPC)
\KV@toks@=\toks14
)
(/usr/share/texlive/texmf-dist/tex/latex/koma-script/scrlfile.sty
Package: scrlfile 2013/12/19 v3.12 KOMA-Script package (loading files)

Package scrlfile, 2013/12/19 v3.12 KOMA-Script package (loading files)
                  Copyright (C) Markus Kohm

))) (/usr/share/texlive/texmf-dist/tex/latex/koma-script/tocbasic.sty
Package: tocbasic 2013/12/19 v3.12 KOMA-Script package (handling toc-files)
)
Package tocbasic Info: omitting babel extension for `toc'
(tocbasic)             because of feature `nobabel' available
(tocbasic)             for `toc' on input line 117.
Package tocbasic Info: omitting babel extension for `lof'
(tocbasic)             because of feature `nobabel' available
(tocbasic)             for `lof' on input line 118.
Package tocbasic Info: omitting babel extension for `lot'
(tocbasic)             because of feature `nobabel' available
(tocbasic)             for `lot' on input line 119.
Package tocbasic Info: defining new hook before heading of `' on input line 112
3.
Class scrreprt Info: You've used standard option `openright'.
(scrreprt)           This is correct!
(scrreprt)           Internally I'm using `open=right'.
(scrreprt)           If you'd like to set the option with \KOMAoptions,
(scrreprt)           you'd have to use `open=right' there
(scrreprt)           instead of `openright', too.


Class scrreprt Warning: You've used obsolete option `cleardoubleempty'.
(scrreprt)              Usage of this option indicates an old document and
(scrreprt)              is deprecated.
(scrreprt)              You should simply replace
(scrreprt)              usage of option `cleardoubleempty' by `cleardoublepage=
empty'.

Class scrreprt Info: Switching compatibility level to `first'.
Class scrreprt Info: File `scrsize11pt.clo' used instead of
(scrreprt)           file `scrsize11.clo' to setup font sizes on input line 165
5.
(/usr/share/texlive/texmf-dist/tex/latex/koma-script/scrsize11pt.clo
File: scrsize11pt.clo 2013/12/19 v3.12 KOMA-Script font size class option (11pt
)
)
(/usr/share/texlive/texmf-dist/tex/latex/koma-script/typearea.sty
Package: typearea 2013/12/19 v3.12 KOMA-Script package (type area)

Package typearea, 2013/12/19 v3.12 KOMA-Script package (type area)
                  Copyright (C) Frank Neukam, 1992-1994
                  Copyright (C) Markus Kohm, 1994-

\ta@bcor=\skip41
\ta@div=\count79
Package typearea Info: You've used standard option `a4paper'.
(typearea)             This is correct!
(typearea)             Internally I'm using `paper=a4'.
(typearea)             If you'd like to set the option with \KOMAoptions,
(typearea)             you'd have to use `paper=a4' there
(typearea)             instead of `a4paper', too.
\ta@hblk=\skip42
\ta@vblk=\skip43
\ta@temp=\skip44
\footheight=\skip45
Package typearea Info: These are the values describing the layout:
(typearea)             DIV  = 11
(typearea)             BCOR = 28.45274pt
(typearea)             \paperwidth      = 597.50793pt
(typearea)              \textwidth      = 413.85834pt
(typearea)              DIV departure   = -5%
(typearea)              \evensidemargin = 33.78117pt
(typearea)              \oddsidemargin  = 33.78117pt
(typearea)             \paperheight     = 845.04694pt
(typearea)              \textheight     = 623.00027pt
(typearea)              \topmargin      = -32.84755pt
(typearea)              \headheight     = 17.0pt
(typearea)              \headsep        = 20.40001pt
(typearea)              \topskip        = 11.0pt
(typearea)              \footskip       = 47.6pt
(typearea)              \baselineskip   = 13.6pt
(typearea)              on input line 1330.
)
\c@part=\count80
\c@chapter=\count81
\c@section=\count82
\c@subsection=\count83
\c@subsubsection=\count84
\c@paragraph=\count85
\c@subparagraph=\count86
\abovecaptionskip=\skip46
\belowcaptionskip=\skip47
\c@pti@nb@sid@b@x=\box26
\c@figure=\count87
\c@table=\count88
\bibindent=\dimen102
) (/usr/share/texlive/texmf-dist/tex/latex/base/fontenc.sty
Package: fontenc 2005/09/27 v1.99g Standard LaTeX package

(/usr/share/texlive/texmf-dist/tex/latex/base/t1enc.def
File: t1enc.def 2005/09/27 v1.99g Standard LaTeX file
LaTeX Font Info:    Redeclaring font encoding T1 on input line 43.
))
(/usr/share/texlive/texmf-dist/tex/latex/base/inputenc.sty
Package: inputenc 2008/03/30 v1.1d Input encoding file
\inpenc@prehook=\toks15
\inpenc@posthook=\toks16

(/usr/share/texlive/texmf-dist/tex/latex/base/utf8.def
File: utf8.def 2008/04/05 v1.1m UTF-8 support for inputenc
Now handling font encoding OML ...
... no UTF-8 mapping file for font encoding OML
Now handling font encoding T1 ...
... processing UTF-8 mapping file for font encoding T1

(/usr/share/texlive/texmf-dist/tex/latex/base/t1enc.dfu
File: t1enc.dfu 2008/04/05 v1.1m UTF-8 support for inputenc
   defining Unicode char U+00A1 (decimal 161)
   defining Unicode char U+00A3 (decimal 163)
   defining Unicode char U+00AB (decimal 171)
   defining Unicode char U+00BB (decimal 187)
   defining Unicode char U+00BF (decimal 191)
   defining Unicode char U+00C0 (decimal 192)
   defining Unicode char U+00C1 (decimal 193)
   defining Unicode char U+00C2 (decimal 194)
   defining Unicode char U+00C3 (decimal 195)
   defining Unicode char U+00C4 (decimal 196)
   defining Unicode char U+00C5 (decimal 197)
   defining Unicode char U+00C6 (decimal 198)
   defining Unicode char U+00C7 (decimal 199)
   defining Unicode char U+00C8 (decimal 200)
   defining Unicode char U+00C9 (decimal 201)
   defining Unicode char U+00CA (decimal 202)
   defining Unicode char U+00CB (decimal 203)
   defining Unicode char U+00CC (decimal 204)
   defining Unicode char U+00CD (decimal 205)
   defining Unicode char U+00CE (decimal 206)
   defining Unicode char U+00CF (decimal 207)
   defining Unicode char U+00D0 (decimal 208)
   defining Unicode char U+00D1 (decimal 209)
   defining Unicode char U+00D2 (decimal 210)
   defining Unicode char U+00D3 (decimal 211)
   defining Unicode char U+00D4 (decimal 212)
   defining Unicode char U+00D5 (decimal 213)
   defining Unicode char U+00D6 (decimal 214)
   defining Unicode char U+00D8 (decimal 216)
   defining Unicode char U+00D9 (decimal 217)
   defining Unicode char U+00DA (decimal 218)
   defining Unicode char U+00DB (decimal 219)
   defining Unicode char U+00DC (decimal 220)
   defining Unicode char U+00DD (decimal 221)
   defining Unicode char U+00DE (decimal 222)
   defining Unicode char U+00DF (decimal 223)
   defining Unicode char U+00E0 (decimal 224)
   defining Unicode char U+00E1 (decimal 225)
   defining Unicode char U+00E2 (decimal 226)
   defining Unicode char U+00E3 (decimal 227)
   defining Unicode char U+00E4 (decimal 228)
   defining Unicode char U+00E5 (decimal 229)
   defining Unicode char U+00E6 (decimal 230)
   defining Unicode char U+00E7 (decimal 231)
   defining Unicode char U+00E8 (decimal 232)
   defining Unicode char U+00E9 (decimal 233)
   defining Unicode char U+00EA (decimal 234)
   defining Unicode char U+00EB (decimal 235)
   defining Unicode char U+00EC (decimal 236)
   defining Unicode char U+00ED (decimal 237)
   defining Unicode char U+00EE (decimal 238)
   defining Unicode char U+00EF (decimal 239)
   defining Unicode char U+00F0 (decimal 240)
   defining Unicode char U+00F1 (decimal 241)
   defining Unicode char U+00F2 (decimal 242)
   defining Unicode char U+00F3 (decimal 243)
   defining Unicode char U+00F4 (decimal 244)
   defining Unicode char U+00F5 (decimal 245)
   defining Unicode char U+00F6 (decimal 246)
   defining Unicode char U+00F8 (decimal 248)
   defining Unicode char U+00F9 (decimal 249)
   defining Unicode char U+00FA (decimal 250)
   defining Unicode char U+00FB (decimal 251)
   defining Unicode char U+00FC (decimal 252)
   defining Unicode char U+00FD (decimal 253)
   defining Unicode char U+00FE (decimal 254)
   defining Unicode char U+00FF (decimal 255)
   defining Unicode char U+0102 (decimal 258)
   defining Unicode char U+0103 (decimal 259)
   defining Unicode char U+0104 (decimal 260)
   defining Unicode char U+0105 (decimal 261)
   defining Unicode char U+0106 (decimal 262)
   defining Unicode char U+0107 (decimal 263)
   defining Unicode char U+010C (decimal 268)
   defining Unicode char U+010D (decimal 269)
   defining Unicode char U+010E (decimal 270)
   defining Unicode char U+010F (decimal 271)
   defining Unicode char U+0110 (decimal 272)
   defining Unicode char U+0111 (decimal 273)
   defining Unicode char U+0118 (decimal 280)
   defining Unicode char U+0119 (decimal 281)
   defining Unicode char U+011A (decimal 282)
   defining Unicode char U+011B (decimal 283)
   defining Unicode char U+011E (decimal 286)
   defining Unicode char U+011F (decimal 287)
   defining Unicode char U+0130 (decimal 304)
   defining Unicode char U+0131 (decimal 305)
   defining Unicode char U+0132 (decimal 306)
   defining Unicode char U+0133 (decimal 307)
   defining Unicode char U+0139 (decimal 313)
   defining Unicode char U+013A (decimal 314)
   defining Unicode char U+013D (decimal 317)
   defining Unicode char U+013E (decimal 318)
   defining Unicode char U+0141 (decimal 321)
   defining Unicode char U+0142 (decimal 322)
   defining Unicode char U+0143 (decimal 323)
   defining Unicode char U+0144 (decimal 324)
   defining Unicode char U+0147 (decimal 327)
   defining Unicode char U+0148 (decimal 328)
   defining Unicode char U+014A (decimal 330)
   defining Unicode char U+014B (decimal 331)
   defining Unicode char U+0150 (decimal 336)
   defining Unicode char U+0151 (decimal 337)
   defining Unicode char U+0152 (decimal 338)
   defining Unicode char U+0153 (decimal 339)
   defining Unicode char U+0154 (decimal 340)
   defining Unicode char U+0155 (decimal 341)
   defining Unicode char U+0158 (decimal 344)
   defining Unicode char U+0159 (decimal 345)
   defining Unicode char U+015A (decimal 346)
   defining Unicode char U+015B (decimal 347)
   defining Unicode char U+015E (decimal 350)
   defining Unicode char U+015F (decimal 351)
   defining Unicode char U+0160 (decimal 352)
   defining Unicode char U+0161 (decimal 353)
   defining Unicode char U+0162 (decimal 354)
   defining Unicode char U+0163 (decimal 355)
   defining Unicode char U+0164 (decimal 356)
   defining Unicode char U+0165 (decimal 357)
   defining Unicode char U+016E (decimal 366)
   defining Unicode char U+016F (decimal 367)
   defining Unicode char U+0170 (decimal 368)
   defining Unicode char U+0171 (decimal 369)
   defining Unicode char U+0178 (decimal 376)
   defining Unicode char U+0179 (decimal 377)
   defining Unicode char U+017A (decimal 378)
   defining Unicode char U+017B (decimal 379)
   defining Unicode char U+017C (decimal 380)
   defining Unicode char U+017D (decimal 381)
   defining Unicode char U+017E (decimal 382)
   defining Unicode char U+200C (decimal 8204)
   defining Unicode char U+2013 (decimal 8211)
   defining Unicode char U+2014 (decimal 8212)
   defining Unicode char U+2018 (decimal 8216)
   defining Unicode char U+2019 (decimal 8217)
   defining Unicode char U+201A (decimal 8218)
   defining Unicode char U+201C (decimal 8220)
   defining Unicode char U+201D (decimal 8221)
   defining Unicode char U+201E (decimal 8222)
   defining Unicode char U+2030 (decimal 8240)
   defining Unicode char U+2031 (decimal 8241)
   defining Unicode char U+2039 (decimal 8249)
   defining Unicode char U+203A (decimal 8250)
   defining Unicode char U+2423 (decimal 9251)
)
Now handling font encoding OT1 ...
... processing UTF-8 mapping file for font encoding OT1

(/usr/share/texlive/texmf-dist/tex/latex/base/ot1enc.dfu
File: ot1enc.dfu 2008/04/05 v1.1m UTF-8 support for inputenc
   defining Unicode char U+00A1 (decimal 161)
   defining Unicode char U+00A3 (decimal 163)
   defining Unicode char U+00B8 (decimal 184)
   defining Unicode char U+00BF (decimal 191)
   defining Unicode char U+00C5 (decimal 197)
   defining Unicode char U+00C6 (decimal 198)
   defining Unicode char U+00D8 (decimal 216)
   defining Unicode char U+00DF (decimal 223)
   defining Unicode char U+00E6 (decimal 230)
   defining Unicode char U+00EC (decimal 236)
   defining Unicode char U+00ED (decimal 237)
   defining Unicode char U+00EE (decimal 238)
   defining Unicode char U+00EF (decimal 239)
   defining Unicode char U+00F8 (decimal 248)
   defining Unicode char U+0131 (decimal 305)
   defining Unicode char U+0141 (decimal 321)
   defining Unicode char U+0142 (decimal 322)
   defining Unicode char U+0152 (decimal 338)
   defining Unicode char U+0153 (decimal 339)
   defining Unicode char U+2013 (decimal 8211)
   defining Unicode char U+2014 (decimal 8212)
   defining Unicode char U+2018 (decimal 8216)
   defining Unicode char U+2019 (decimal 8217)
   defining Unicode char U+201C (decimal 8220)
   defining Unicode char U+201D (decimal 8221)
)
Now handling font encoding OMS ...
... processing UTF-8 mapping file for font encoding OMS

(/usr/share/texlive/texmf-dist/tex/latex/base/omsenc.dfu
File: omsenc.dfu 2008/04/05 v1.1m UTF-8 support for inputenc
   defining Unicode char U+00A7 (decimal 167)
   defining Unicode char U+00B6 (decimal 182)
   defining Unicode char U+00B7 (decimal 183)
   defining Unicode char U+2020 (decimal 8224)
   defining Unicode char U+2021 (decimal 8225)
   defining Unicode char U+2022 (decimal 8226)
)
Now handling font encoding OMX ...
... no UTF-8 mapping file for font encoding OMX
Now handling font encoding U ...
... no UTF-8 mapping file for font encoding U
   defining Unicode char U+00A9 (decimal 169)
   defining Unicode char U+00AA (decimal 170)
   defining Unicode char U+00AE (decimal 174)
   defining Unicode char U+00BA (decimal 186)
   defining Unicode char U+02C6 (decimal 710)
   defining Unicode char U+02DC (decimal 732)
   defining Unicode char U+200C (decimal 8204)
   defining Unicode char U+2026 (decimal 8230)
   defining Unicode char U+2122 (decimal 8482)
   defining Unicode char U+2423 (decimal 9251)
))
(/usr/share/texlive/texmf-dist/tex/latex/tools/array.sty
Package: array 2008/09/09 v2.4c Tabular extension package (FMi)
\col@sep=\dimen103
\extrarowheight=\dimen104
\NC@list=\toks17
\extratabsurround=\skip48
\backup@length=\skip49
)
(/usr/share/texlive/texmf-dist/tex/latex/tools/longtable.sty
Package: longtable 2004/02/01 v4.11 Multi-page Table package (DPC)
\LTleft=\skip50
\LTright=\skip51
\LTpre=\skip52
\LTpost=\skip53
\LTchunksize=\count89
\LTcapwidth=\dimen105
\LT@head=\box27
\LT@firsthead=\box28
\LT@foot=\box29
\LT@lastfoot=\box30
\LT@cols=\count90
\LT@rows=\count91
\c@LT@tables=\count92
\c@LT@chunks=\count93
\LT@p@ftn=\toks18
)
Class scrreprt Info: longtable captions redefined on input line 7.

(/usr/share/texlive/texmf-dist/tex/latex/tools/varioref.sty
Package: varioref 2011/10/02 v1.4z package for extended references (FMi)
\c@vrcnt=\count94
)
(/usr/share/texlive/texmf-dist/tex/latex/wrapfig/wrapfig.sty
\wrapoverhang=\dimen106
\WF@size=\dimen107
\c@WF@wrappedlines=\count95
\WF@box=\box31
\WF@everypar=\toks19
Package: wrapfig 2003/01/31  v 3.6
)
(/usr/share/texlive/texmf-dist/tex/latex/fancybox/fancybox.sty
Package: fancybox 2010/05/15 1.4

Style option: `fancybox' v1.4 <2010/05/15> (tvz)
\@fancybox=\box32
\shadowsize=\dimen108
\@Sbox=\box33
\do@VerbBox=\toks20
\the@fancyput=\toks21
\this@fancyput=\toks22
\EndVerbatimTokens=\toks23
\Verbatim@Outfile=\write3
\Verbatim@Infile=\read1
) (/usr/share/texlive/texmf-dist/tex/latex/tools/calc.sty
Package: calc 2007/08/22 v4.3 Infix arithmetic (KKT,FJ)
\calc@Acount=\count96
\calc@Bcount=\count97
\calc@Adimen=\dimen109
\calc@Bdimen=\dimen110
\calc@Askip=\skip54
\calc@Bskip=\skip55
LaTeX Info: Redefining \setlength on input line 76.
LaTeX Info: Redefining \addtolength on input line 77.
\calc@Ccount=\count98
\calc@Cskip=\skip56
)
(/usr/share/texlive/texmf-dist/tex/latex/framed/framed.sty
Package: framed 2011/10/22 v 0.96: framed or shaded text with page breaks
\OuterFrameSep=\skip57
\fb@frw=\dimen111
\fb@frh=\dimen112
\FrameRule=\dimen113
\FrameSep=\dimen114
)
(/usr/share/texlive/texmf-dist/tex/latex/url/url.sty
\Urlmuskip=\muskip10
Package: url 2013/09/16  ver 3.4  Verb mode for urls, etc.
)
(/usr/share/texlive/texmf-dist/tex/latex/graphics/graphicx.sty
Package: graphicx 1999/02/16 v1.0f Enhanced LaTeX Graphics (DPC,SPQR)

(/usr/share/texlive/texmf-dist/tex/latex/graphics/graphics.sty
Package: graphics 2009/02/05 v1.0o Standard LaTeX Graphics (DPC,SPQR)

(/usr/share/texlive/texmf-dist/tex/latex/graphics/trig.sty
Package: trig 1999/03/16 v1.09 sin cos tan (DPC)
)
(/usr/share/texlive/texmf-dist/tex/latex/latexconfig/graphics.cfg
File: graphics.cfg 2010/04/23 v1.9 graphics configuration of TeX Live
)
Package graphics Info: Driver file: pdftex.def on input line 91.

(/usr/share/texlive/texmf-dist/tex/latex/pdftex-def/pdftex.def
File: pdftex.def 2011/05/27 v0.06d Graphics/color for pdfTeX

(/usr/share/texlive/texmf-dist/tex/generic/oberdiek/infwarerr.sty
Package: infwarerr 2010/04/08 v1.3 Providing info/warning/error messages (HO)
)
(/usr/share/texlive/texmf-dist/tex/generic/oberdiek/ltxcmds.sty
Package: ltxcmds 2011/11/09 v1.22 LaTeX kernel commands for general use (HO)
)
\Gread@gobject=\count99
))
\Gin@req@height=\dimen115
\Gin@req@width=\dimen116
)
(/usr/share/texlive/texmf-dist/tex/latex/placeins/placeins.sty
Package: placeins 2005/04/18  v 2.2
)
(/usr/share/texlive/texmf-dist/tex/latex/pdfpages/pdfpages.sty
Package: pdfpages 2013/08/25 v0.4v Insert pages of external PDF documents (AM)

(/usr/share/texlive/texmf-dist/tex/latex/base/ifthen.sty
Package: ifthen 2001/05/26 v1.1c Standard LaTeX ifthen package (DPC)
)
(/usr/share/texlive/texmf-dist/tex/latex/eso-pic/eso-pic.sty
Package: eso-pic 2013/10/06 v2.0d eso-pic (RN)

(/usr/share/texlive/texmf-dist/tex/generic/oberdiek/atbegshi.sty
Package: atbegshi 2011/10/05 v1.16 At begin shipout hook (HO)

(/usr/share/texlive/texmf-dist/tex/generic/oberdiek/ifpdf.sty
Package: ifpdf 2011/01/30 v2.3 Provides the ifpdf switch (HO)
Package ifpdf Info: pdfTeX in PDF mode is detected.
))
(/usr/share/texmf/tex/latex/xcolor/xcolor.sty
Package: xcolor 2007/01/21 v2.11 LaTeX color extensions (UK)

(/usr/share/texlive/texmf-dist/tex/latex/latexconfig/color.cfg
File: color.cfg 2007/01/18 v1.5 color configuration of teTeX/TeXLive
)
Package xcolor Info: Driver file: pdftex.def on input line 225.
Package xcolor Info: Model `cmy' substituted by `cmy0' on input line 1337.
Package xcolor Info: Model `hsb' substituted by `rgb' on input line 1341.
Package xcolor Info: Model `RGB' extended on input line 1353.
Package xcolor Info: Model `HTML' substituted by `rgb' on input line 1355.
Package xcolor Info: Model `Hsb' substituted by `hsb' on input line 1356.
Package xcolor Info: Model `tHsb' substituted by `hsb' on input line 1357.
Package xcolor Info: Model `HSB' substituted by `hsb' on input line 1358.
Package xcolor Info: Model `Gray' substituted by `gray' on input line 1359.
Package xcolor Info: Model `wave' substituted by `hsb' on input line 1360.
))
(/usr/share/texlive/texmf-dist/tex/latex/pdfpages/pppdftex.def
File: pppdftex.def 2013/08/25 v0.4v Pdfpages driver for pdfTeX (AM)
)
\AM@pagebox=\box34
\AM@toc@title=\toks24
\c@AM@survey=\count100
\AM@templatesizebox=\box35
)
(/usr/share/texlive/texmf-dist/tex/latex/caption/caption.sty
Package: caption 2013/05/02 v3.3-89 Customizing captions (AR)

(/usr/share/texlive/texmf-dist/tex/latex/caption/caption3.sty
Package: caption3 2013/05/02 v1.6-88 caption3 kernel (AR)
Package caption3 Info: TeX engine: e-TeX on input line 57.
\captionmargin=\dimen117
\captionmargin@=\dimen118
\captionwidth=\dimen119
\caption@tempdima=\dimen120
\caption@indent=\dimen121
\caption@parindent=\dimen122
\caption@hangindent=\dimen123
)
Package caption Info: KOMA-Script document class.
\c@ContinuedFloat=\count101
Package caption Info: longtable package is loaded.

(/usr/share/texlive/texmf-dist/tex/latex/caption/ltcaption.sty
Package: ltcaption 2013/02/03 v1.3-62 longtable captions (AR)
)
Package caption Info: wrapfig package is loaded.
)
(/usr/share/texlive/texmf-dist/tex/generic/babel/babel.sty
Package: babel 2013/12/03 3.9h The Babel package

(/usr/share/texlive/texmf-dist/tex/generic/babel-czech/czech.ldf
Language: czech 2008/07/06 v3.1a Czech support from the babel system

(/usr/share/texlive/texmf-dist/tex/generic/babel/babel.def
File: babel.def 2013/12/03 3.9h Babel common definitions
\babel@savecnt=\count102
\U@D=\dimen124
)
Package babel Info: Making " an active character on input line 172.
\cs@wordlen=\count103
Package babel Info: Making - an active character on input line 226.
))
(/usr/share/texlive/texmf-dist/tex/latex/hyperref/hyperref.sty
Package: hyperref 2012/11/06 v6.83m Hypertext links for LaTeX

(/usr/share/texlive/texmf-dist/tex/generic/oberdiek/hobsub-hyperref.sty
Package: hobsub-hyperref 2012/05/28 v1.13 Bundle oberdiek, subset hyperref (HO)


(/usr/share/texlive/texmf-dist/tex/generic/oberdiek/hobsub-generic.sty
Package: hobsub-generic 2012/05/28 v1.13 Bundle oberdiek, subset generic (HO)
Package: hobsub 2012/05/28 v1.13 Construct package bundles (HO)
Package hobsub Info: Skipping package `infwarerr' (already loaded).
Package hobsub Info: Skipping package `ltxcmds' (already loaded).
Package: ifluatex 2010/03/01 v1.3 Provides the ifluatex switch (HO)
Package ifluatex Info: LuaTeX not detected.
Package: ifvtex 2010/03/01 v1.5 Detect VTeX and its facilities (HO)
Package ifvtex Info: VTeX not detected.
Package: intcalc 2007/09/27 v1.1 Expandable calculations with integers (HO)
Package hobsub Info: Skipping package `ifpdf' (already loaded).
Package: etexcmds 2011/02/16 v1.5 Avoid name clashes with e-TeX commands (HO)
Package etexcmds Info: Could not find \expanded.
(etexcmds)             That can mean that you are not using pdfTeX 1.50 or
(etexcmds)             that some package has redefined \expanded.
(etexcmds)             In the latter case, load this package earlier.
Package: kvsetkeys 2012/04/25 v1.16 Key value parser (HO)
Package: kvdefinekeys 2011/04/07 v1.3 Define keys (HO)
Package: pdftexcmds 2011/11/29 v0.20 Utility functions of pdfTeX for LuaTeX (HO
)
Package pdftexcmds Info: LuaTeX not detected.
Package pdftexcmds Info: \pdf@primitive is available.
Package pdftexcmds Info: \pdf@ifprimitive is available.
Package pdftexcmds Info: \pdfdraftmode found.
Package: pdfescape 2011/11/25 v1.13 Implements pdfTeX's escape features (HO)
Package: bigintcalc 2012/04/08 v1.3 Expandable calculations on big integers (HO
)
Package: bitset 2011/01/30 v1.1 Handle bit-vector datatype (HO)
Package: uniquecounter 2011/01/30 v1.2 Provide unlimited unique counter (HO)
)
Package hobsub Info: Skipping package `hobsub' (already loaded).
Package: letltxmacro 2010/09/02 v1.4 Let assignment for LaTeX macros (HO)
Package: hopatch 2012/05/28 v1.2 Wrapper for package hooks (HO)
Package: xcolor-patch 2011/01/30 xcolor patch
Package: atveryend 2011/06/30 v1.8 Hooks at the very end of document (HO)
Package atveryend Info: \enddocument detected (standard20110627).
Package hobsub Info: Skipping package `atbegshi' (already loaded).
Package: refcount 2011/10/16 v3.4 Data extraction from label references (HO)
Package: hycolor 2011/01/30 v1.7 Color options for hyperref/bookmark (HO)
)
(/usr/share/texlive/texmf-dist/tex/generic/ifxetex/ifxetex.sty
Package: ifxetex 2010/09/12 v0.6 Provides ifxetex conditional
)
(/usr/share/texlive/texmf-dist/tex/latex/oberdiek/auxhook.sty
Package: auxhook 2011/03/04 v1.3 Hooks for auxiliary files (HO)
)
(/usr/share/texlive/texmf-dist/tex/latex/oberdiek/kvoptions.sty
Package: kvoptions 2011/06/30 v3.11 Key value format for package options (HO)
)
\@linkdim=\dimen125
\Hy@linkcounter=\count104
\Hy@pagecounter=\count105

(/usr/share/texlive/texmf-dist/tex/latex/hyperref/pd1enc.def
File: pd1enc.def 2012/11/06 v6.83m Hyperref: PDFDocEncoding definition (HO)
Now handling font encoding PD1 ...
... no UTF-8 mapping file for font encoding PD1
)
\Hy@SavedSpaceFactor=\count106

(/usr/share/texlive/texmf-dist/tex/latex/latexconfig/hyperref.cfg
File: hyperref.cfg 2002/06/06 v1.2 hyperref configuration of TeXLive
)
Package hyperref Info: Hyper figures OFF on input line 4443.
Package hyperref Info: Link nesting OFF on input line 4448.
Package hyperref Info: Hyper index ON on input line 4451.
Package hyperref Info: Plain pages OFF on input line 4458.
Package hyperref Info: Backreferencing OFF on input line 4463.
Package hyperref Info: Implicit mode ON; LaTeX internals redefined.
Package hyperref Info: Bookmarks ON on input line 4688.
\c@Hy@tempcnt=\count107
LaTeX Info: Redefining \url on input line 5041.
\XeTeXLinkMargin=\dimen126
\Fld@menulength=\count108
\Field@Width=\dimen127
\Fld@charsize=\dimen128
Package hyperref Info: Hyper figures OFF on input line 6295.
Package hyperref Info: Link nesting OFF on input line 6300.
Package hyperref Info: Hyper index ON on input line 6303.
Package hyperref Info: backreferencing OFF on input line 6310.
Package hyperref Info: Link coloring OFF on input line 6315.
Package hyperref Info: Link coloring with OCG OFF on input line 6320.
Package hyperref Info: PDF/A mode OFF on input line 6325.
LaTeX Info: Redefining \ref on input line 6365.
LaTeX Info: Redefining \pageref on input line 6369.
\Hy@abspage=\count109
\c@Item=\count110
\c@Hfootnote=\count111
)

Package hyperref Message: Driver (autodetected): hpdftex.

(/usr/share/texlive/texmf-dist/tex/latex/hyperref/hpdftex.def
File: hpdftex.def 2012/11/06 v6.83m Hyperref driver for pdfTeX
\Fld@listcount=\count112
\c@bookmark@seq@number=\count113

(/usr/share/texlive/texmf-dist/tex/latex/oberdiek/rerunfilecheck.sty
Package: rerunfilecheck 2011/04/15 v1.7 Rerun checks for auxiliary files (HO)
Package uniquecounter Info: New unique counter `rerunfilecheck' on input line 2
82.
)
\Hy@SectionHShift=\skip58
)
(/usr/share/texlive/texmf-dist/tex/latex/natbib/natbib.sty
Package: natbib 2010/09/13 8.31b (PWD, AO)
\bibhang=\skip59
\bibsep=\skip60
LaTeX Info: Redefining \cite on input line 694.
\c@NAT@ctr=\count114
)
(/usr/share/texlive/texmf-dist/tex/latex/hypernat/hypernat.sty
Package: hypernat 2001/07/09 v1.0b hyperref and natbib compatibility (jb)
)
(/usr/share/texlive/texmf-dist/tex/latex/tools/indentfirst.sty
Package: indentfirst 1995/11/23 v1.03 Indent first paragraph (DPC)
)

Package hyperref Warning: Composite letter `\textasciicaron+r'
(hyperref)                not defined in PD1 encoding,
(hyperref)                removing `\textasciicaron' on input line 73.


Package hyperref Warning: Composite letter `\textasciicaron+t'
(hyperref)                not defined in PD1 encoding,
(hyperref)                removing `\textasciicaron' on input line 73.

(/usr/share/texlive/texmf-dist/tex/latex/tools/multicol.sty
Package: multicol 2011/06/27 v1.7a multicolumn formatting (FMi)
\c@tracingmulticols=\count115
\mult@box=\box36
\multicol@leftmargin=\dimen129
\c@unbalance=\count116
\c@collectmore=\count117
\doublecol@number=\count118
\multicoltolerance=\count119
\multicolpretolerance=\count120
\full@width=\dimen130
\page@free=\dimen131
\premulticols=\dimen132
\postmulticols=\dimen133
\multicolsep=\skip61
\multicolbaselineskip=\skip62
\partial@page=\box37
\last@line=\box38
\mult@rightbox=\box39
\mult@grightbox=\box40
\mult@gfirstbox=\box41
\mult@firstbox=\box42
\@tempa=\box43
\@tempa=\box44
\@tempa=\box45
\@tempa=\box46
\@tempa=\box47
\@tempa=\box48
\@tempa=\box49
\@tempa=\box50
\@tempa=\box51
\@tempa=\box52
\@tempa=\box53
\@tempa=\box54
\@tempa=\box55
\@tempa=\box56
\@tempa=\box57
\@tempa=\box58
\@tempa=\box59
\c@columnbadness=\count121
\c@finalcolumnbadness=\count122
\last@try=\dimen134
\multicolovershoot=\dimen135
\multicolundershoot=\dimen136
\mult@nat@firstbox=\box60
\colbreak@box=\box61
\multicol@sort@counter=\count123
)
(./packages/bc-palatino.sty
(/usr/share/texlive/texmf-dist/tex/latex/psnfss/mathpazo.sty
Package: mathpazo 2005/04/12 PSNFSS-v9.2a Palatino w/ Pazo Math (D.Puga, WaS) 
\symupright=\mathgroup4
)
(/usr/share/texmf/tex/latex/tex-gyre/tgpagella.sty
Package: tgpagella 2009/09/27 v1.2 TeX Gyre Pagella as default roman family
)
(/usr/share/texlive/texmf-dist/tex/latex/cmap/cmap.sty
Package: cmap 2008/03/06 v1.0h CMap support: searchable PDF


Package cmap Warning: fontenc already loaded - some fonts may be unprocessed.

)) (./packages/bc-fancyhdr.sty

Class scrreprt Warning: Usage of package `fancyhdr' together
(scrreprt)              with a KOMA-Script class is not recommended.
(scrreprt)              I'd suggest to use 
(scrreprt)              package `scrpage2' or `scrlayer-scrpage'.
(scrreprt)              Nevertheless, using requested
(scrreprt)              package `fancyhdr' on input line 5.

(/usr/share/texlive/texmf-dist/tex/latex/fancyhdr/fancyhdr.sty
\fancy@headwidth=\skip63
\f@ncyO@elh=\skip64
\f@ncyO@erh=\skip65
\f@ncyO@olh=\skip66
\f@ncyO@orh=\skip67
\f@ncyO@elf=\skip68
\f@ncyO@erf=\skip69
\f@ncyO@olf=\skip70
\f@ncyO@orf=\skip71
)

Package Fancyhdr Warning: \fancyhead's `E' option without twoside option is use
less on input line 9.

) (/usr/share/texlive/texmf-dist/tex/latex/listing/listing.sty
Package: listing 1999/05/25

Package `listing', V1.2, <1999/05/25>
\c@listing=\count124
) (/usr/share/texlive/texmf-dist/tex/latex/listings/listings.sty
\lst@mode=\count125
\lst@gtempboxa=\box62
\lst@token=\toks25
\lst@length=\count126
\lst@currlwidth=\dimen137
\lst@column=\count127
\lst@pos=\count128
\lst@lostspace=\dimen138
\lst@width=\dimen139
\lst@newlines=\count129
\lst@lineno=\count130
\lst@maxwidth=\dimen140

(/usr/share/texlive/texmf-dist/tex/latex/listings/lstmisc.sty
File: lstmisc.sty 2013/08/26 1.5b (Carsten Heinz)
\c@lstnumber=\count131
\lst@skipnumbers=\count132
\lst@framebox=\box63
)
(/usr/share/texlive/texmf-dist/tex/latex/listings/listings.cfg
File: listings.cfg 2013/08/26 1.5b listings configuration
))
Package: listings 2013/08/26 1.5b (Carsten Heinz)

(/usr/share/texlive/texmf-dist/tex/latex/listings/lstlang1.sty
File: lstlang1.sty 2013/08/26 1.5b listings language file
) (./thesis.aux
(./chapter1.aux) (./chapter2.aux) (./chapter3.aux) (./chapter4.aux

LaTeX Warning: Label `sub:interaction' multiply defined.


LaTeX Warning: Label `sub:interaction' multiply defined.


LaTeX Warning: Label `sub:interaction' multiply defined.

) (./chapter5.aux) (./chapter6.aux) (./bibliography.aux) (./prilohy.aux))
\openout1 = `thesis.aux'.

LaTeX Font Info:    Checking defaults for OML/cmm/m/it on input line 163.
LaTeX Font Info:    ... okay on input line 163.
LaTeX Font Info:    Checking defaults for T1/cmr/m/n on input line 163.
LaTeX Font Info:    ... okay on input line 163.
LaTeX Font Info:    Checking defaults for OT1/cmr/m/n on input line 163.
LaTeX Font Info:    ... okay on input line 163.
LaTeX Font Info:    Checking defaults for OMS/cmsy/m/n on input line 163.
LaTeX Font Info:    ... okay on input line 163.
LaTeX Font Info:    Checking defaults for OMX/cmex/m/n on input line 163.
LaTeX Font Info:    ... okay on input line 163.
LaTeX Font Info:    Checking defaults for U/cmr/m/n on input line 163.
LaTeX Font Info:    ... okay on input line 163.
LaTeX Font Info:    Checking defaults for PD1/pdf/m/n on input line 163.
LaTeX Font Info:    ... okay on input line 163.
LaTeX Font Info:    Try loading font information for T1+qpl on input line 163.

(/usr/share/texmf/tex/latex/tex-gyre/t1qpl.fd
File: t1qpl.fd 2009/09/25 v1.2 font definition file for T1/qpl
)<<t1.cmap>>
(/usr/share/texlive/texmf-dist/tex/context/base/supp-pdf.mkii
[Loading MPS to PDF converter (version 2006.09.02).]
\scratchcounter=\count133
\scratchdimen=\dimen141
\scratchbox=\box64
\nofMPsegments=\count134
\nofMParguments=\count135
\everyMPshowfont=\toks26
\MPscratchCnt=\count136
\MPscratchDim=\dimen142
\MPnumerator=\count137
\makeMPintoPDFobject=\count138
\everyMPtoPDFconversion=\toks27
) (/usr/share/texlive/texmf-dist/tex/latex/oberdiek/epstopdf-base.sty
Package: epstopdf-base 2010/02/09 v2.5 Base part for package epstopdf

(/usr/share/texlive/texmf-dist/tex/latex/oberdiek/grfext.sty
Package: grfext 2010/08/19 v1.1 Manage graphics extensions (HO)
)
Package grfext Info: Graphics extension search list:
(grfext)             [.png,.pdf,.jpg,.mps,.jpeg,.jbig2,.jb2,.PNG,.PDF,.JPG,.JPE
G,.JBIG2,.JB2,.eps]
(grfext)             \AppendGraphicsExtensions on input line 452.

(/usr/share/texlive/texmf-dist/tex/latex/latexconfig/epstopdf-sys.cfg
File: epstopdf-sys.cfg 2010/07/13 v1.3 Configuration of (r)epstopdf for TeX Liv
e
))
\AtBeginShipoutBox=\box65
Package caption Info: Begin \AtBeginDocument code.
Package caption Info: hyperref package is loaded.
Package caption Info: listings package is loaded.
Package caption Info: End \AtBeginDocument code.
Package hyperref Info: Link coloring OFF on input line 163.

(/usr/share/texlive/texmf-dist/tex/latex/hyperref/nameref.sty
Package: nameref 2012/10/27 v2.43 Cross-referencing by name of section

(/usr/share/texlive/texmf-dist/tex/generic/oberdiek/gettitlestring.sty
Package: gettitlestring 2010/12/03 v1.4 Cleanup title references (HO)
)
\c@section@level=\count139
LaTeX Info: Redefining \Ref on input line 513.
)
LaTeX Info: Redefining \ref on input line 163.
LaTeX Info: Redefining \pageref on input line 163.
LaTeX Info: Redefining \nameref on input line 163.

(./thesis.out) (./thesis.out)
\@outlinefile=\write4
\openout4 = `thesis.out'.

LaTeX Info: Redefining \Ref on input line 163.
\big@size=\dimen143
\c@lstlisting=\count140
LaTeX Font Info:    Try loading font information for T1+qhv on input line 168.
 (/usr/share/texmf/tex/latex/tex-gyre/t1qhv.fd
File: t1qhv.fd 2009/09/25 v1.2 font definition file for T1/qhv
)
[1



{/var/lib/texmf/fonts/map/pdftex/updmap/pdftex.map}]
Underfull \hbox (badness 10000) in paragraph at lines 225--227

 []

[3

] [4

] [5

] (./thesis.toc
LaTeX Font Info:    Try loading font information for OT1+ppl on input line 4.

(/usr/share/texlive/texmf-dist/tex/latex/psnfss/ot1ppl.fd
File: ot1ppl.fd 2001/06/04 font definitions for OT1/ppl.
)<<ot1.cmap>>
LaTeX Font Info:    Try loading font information for OML+zplm on input line 4.

(/usr/share/texlive/texmf-dist/tex/latex/psnfss/omlzplm.fd
File: omlzplm.fd 2002/09/08 Fontinst v1.914 font definitions for OML/zplm.
)<<oml.cmap>>
LaTeX Font Info:    Try loading font information for OMS+zplm on input line 4.

(/usr/share/texlive/texmf-dist/tex/latex/psnfss/omszplm.fd
File: omszplm.fd 2002/09/08 Fontinst v1.914 font definitions for OMS/zplm.
)<<oms.cmap>>
LaTeX Font Info:    Try loading font information for OMX+zplm on input line 4.

(/usr/share/texlive/texmf-dist/tex/latex/psnfss/omxzplm.fd
File: omxzplm.fd 2002/09/08 Fontinst v1.914 font definitions for OMX/zplm.
)<<omx.cmap>>
LaTeX Font Info:    Try loading font information for OT1+zplm on input line 4.

(/usr/share/texlive/texmf-dist/tex/latex/psnfss/ot1zplm.fd
File: ot1zplm.fd 2002/09/08 Fontinst v1.914 font definitions for OT1/zplm.
) [6






])
\tf@toc=\write5
\openout5 = `thesis.toc'.



LaTeX Font Warning: Font shape `T1/qpl/m/sl' in size <10.95> not available
(Font)              Font shape `T1/qpl/m/it' tried instead on input line 272.


Class scrreprt Warning: Usage of deprecated font command `\rm'!
(scrreprt)              You should note, that in 1994 font command `\rm' has
(scrreprt)              been defined for compatiblitiy to Script 2.0 only.
(scrreprt)              Now, after two decades of LaTeX2e and NFSS2, you
(scrreprt)              shouldn't use such commands any longer and within
(scrreprt)              KOMA-Script usage of `\rm' is definitely deprecated.
(scrreprt)              See `fntguide.pdf' for more information about
(scrreprt)              recommended font commands.
(scrreprt)              Note also, that KOMA-Script will remove the definition
(scrreprt)              of `\rm' anytime until release of about version 3.20.
(scrreprt)              But for now, KOMA-Script will replace deprecated `\rm'
(scrreprt)              by `\normalfont \rmfamily ' on input line 272.

[7]
\openout2 = `chapter1.aux'.

 (./chapter1.tex
Kapitola 1.

Class scrreprt Warning: \float@addtolists detected!
(scrreprt)              Implementation of \float@addtolist became
(scrreprt)              deprecated in KOMA-Script v3.01 2008/11/14 and
(scrreprt)              has been replaced by more several more flexible
(scrreprt)              features of package `tocbasic`.
(scrreprt)              Since Version 3.12 support for deprecated
(scrreprt)              \float@addtolist interface has been
(scrreprt)              restricted to only some of the KOMA-Script
(scrreprt)              features and been removed from others.
(scrreprt)              Loading of package `scrhack' may help to
(scrreprt)              avoid this warning, if you are using a
(scrreprt)              a package that still implements the
(scrreprt)              deprecated \float@addtolist interface .

[1





])

Class scrreprt Warning: Usage of deprecated font command `\rm'!
(scrreprt)              You should note, that in 1994 font command `\rm' has
(scrreprt)              been defined for compatiblitiy to Script 2.0 only.
(scrreprt)              Now, after two decades of LaTeX2e and NFSS2, you
(scrreprt)              shouldn't use such commands any longer and within
(scrreprt)              KOMA-Script usage of `\rm' is definitely deprecated.
(scrreprt)              See `fntguide.pdf' for more information about
(scrreprt)              recommended font commands.
(scrreprt)              Note also, that KOMA-Script will remove the definition
(scrreprt)              of `\rm' anytime until release of about version 3.20.
(scrreprt)              But for now, KOMA-Script will replace deprecated `\rm'
(scrreprt)              by `\normalfont \rmfamily ' on input line 274.

[2]
\openout2 = `chapter2.aux'.

 (./chapter2.tex
Kapitola 2.

Package hyperref Warning: Composite letter `\textasciicaron+t'
(hyperref)                not defined in PD1 encoding,
(hyperref)                removing `\textasciicaron' on input line 1.

LaTeX Font Info:    Try loading font information for OMS+qpl on input line 7.
LaTeX Font Info:    No file OMSqpl.fd. on input line 7.

LaTeX Font Warning: Font shape `OMS/qpl/m/n' undefined
(Font)              using `OMS/cmsy/m/n' instead
(Font)              for symbol `textbullet' on input line 7.

[3




] <images/vize_NFV.png, id=261, 790.955pt x 501.875pt>
File: images/vize_NFV.png Graphic file (type png)

<use images/vize_NFV.png>
Package pdftex.def Info: images/vize_NFV.png used on input line 27.
(pdftex.def)             Requested size: 395.47653pt x 250.93687pt.


Class scrreprt Warning: Usage of deprecated font command `\rm'!
(scrreprt)              You should note, that in 1994 font command `\rm' has
(scrreprt)              been defined for compatiblitiy to Script 2.0 only.
(scrreprt)              Now, after two decades of LaTeX2e and NFSS2, you
(scrreprt)              shouldn't use such commands any longer and within
(scrreprt)              KOMA-Script usage of `\rm' is definitely deprecated.
(scrreprt)              See `fntguide.pdf' for more information about
(scrreprt)              recommended font commands.
(scrreprt)              Note also, that KOMA-Script will remove the definition
(scrreprt)              of `\rm' anytime until release of about version 3.20.
(scrreprt)              But for now, KOMA-Script will replace deprecated `\rm'
(scrreprt)              by `\normalfont \rmfamily ' on input line 33.

[4 <./images/vize_NFV.png (PNG copy)>]
<images/virtualization.png, id=273, 717.68124pt x 282.05376pt>
File: images/virtualization.png Graphic file (type png)

<use images/virtualization.png>
Package pdftex.def Info: images/virtualization.png used on input line 49.
(pdftex.def)             Requested size: 358.83974pt x 141.02652pt.


LaTeX Font Warning: Font shape `T1/qpl/m/sl' in size <10> not available
(Font)              Font shape `T1/qpl/m/it' tried instead on input line 55.


Class scrreprt Warning: Usage of deprecated font command `\rm'!
(scrreprt)              You should note, that in 1994 font command `\rm' has
(scrreprt)              been defined for compatiblitiy to Script 2.0 only.
(scrreprt)              Now, after two decades of LaTeX2e and NFSS2, you
(scrreprt)              shouldn't use such commands any longer and within
(scrreprt)              KOMA-Script usage of `\rm' is definitely deprecated.
(scrreprt)              See `fntguide.pdf' for more information about
(scrreprt)              recommended font commands.
(scrreprt)              Note also, that KOMA-Script will remove the definition
(scrreprt)              of `\rm' anytime until release of about version 3.20.
(scrreprt)              But for now, KOMA-Script will replace deprecated `\rm'
(scrreprt)              by `\normalfont \rmfamily ' on input line 55.

[5 <./images/virtualization.png (PNG copy)>]

Package hyperref Warning: Composite letter `\textasciicaron+c'
(hyperref)                not defined in PD1 encoding,
(hyperref)                removing `\textasciicaron' on input line 58.


Class scrreprt Warning: Usage of deprecated font command `\rm'!
(scrreprt)              You should note, that in 1994 font command `\rm' has
(scrreprt)              been defined for compatiblitiy to Script 2.0 only.
(scrreprt)              Now, after two decades of LaTeX2e and NFSS2, you
(scrreprt)              shouldn't use such commands any longer and within
(scrreprt)              KOMA-Script usage of `\rm' is definitely deprecated.
(scrreprt)              See `fntguide.pdf' for more information about
(scrreprt)              recommended font commands.
(scrreprt)              Note also, that KOMA-Script will remove the definition
(scrreprt)              of `\rm' anytime until release of about version 3.20.
(scrreprt)              But for now, KOMA-Script will replace deprecated `\rm'
(scrreprt)              by `\normalfont \rmfamily ' on input line 66.

[6]

Class scrreprt Warning: Usage of deprecated font command `\rm'!
(scrreprt)              You should note, that in 1994 font command `\rm' has
(scrreprt)              been defined for compatiblitiy to Script 2.0 only.
(scrreprt)              Now, after two decades of LaTeX2e and NFSS2, you
(scrreprt)              shouldn't use such commands any longer and within
(scrreprt)              KOMA-Script usage of `\rm' is definitely deprecated.
(scrreprt)              See `fntguide.pdf' for more information about
(scrreprt)              recommended font commands.
(scrreprt)              Note also, that KOMA-Script will remove the definition
(scrreprt)              of `\rm' anytime until release of about version 3.20.
(scrreprt)              But for now, KOMA-Script will replace deprecated `\rm'
(scrreprt)              by `\normalfont \rmfamily ' on input line 76.

[7] <images/SDN.png, id=305, 428.60126pt x 323.2075pt>
File: images/SDN.png Graphic file (type png)
 <use images/SDN.png>
Package pdftex.def Info: images/SDN.png used on input line 86.
(pdftex.def)             Requested size: 257.16273pt x 193.926pt.


Class scrreprt Warning: Usage of deprecated font command `\rm'!
(scrreprt)              You should note, that in 1994 font command `\rm' has
(scrreprt)              been defined for compatiblitiy to Script 2.0 only.
(scrreprt)              Now, after two decades of LaTeX2e and NFSS2, you
(scrreprt)              shouldn't use such commands any longer and within
(scrreprt)              KOMA-Script usage of `\rm' is definitely deprecated.
(scrreprt)              See `fntguide.pdf' for more information about
(scrreprt)              recommended font commands.
(scrreprt)              Note also, that KOMA-Script will remove the definition
(scrreprt)              of `\rm' anytime until release of about version 3.20.
(scrreprt)              But for now, KOMA-Script will replace deprecated `\rm'
(scrreprt)              by `\normalfont \rmfamily ' on input line 92.

[8 <./images/SDN.png (PNG copy)>]
<images/service_chaining.png, id=318, 537.00626pt x 192.72pt>
File: images/service_chaining.png Graphic file (type png)

<use images/service_chaining.png>
Package pdftex.def Info: images/service_chaining.png used on input line 102.
(pdftex.def)             Requested size: 295.35435pt x 105.9963pt.

<images/service_chaining_new.png, id=320, 532.99126pt x 299.1175pt>
File: images/service_chaining_new.png Graphic file (type png)

<use images/service_chaining_new.png>
Package pdftex.def Info: images/service_chaining_new.png used on input line 111
.
(pdftex.def)             Requested size: 293.1461pt x 164.51512pt.


LaTeX Warning: `h' float specifier changed to `ht'.


Class scrreprt Warning: Usage of deprecated font command `\rm'!
(scrreprt)              You should note, that in 1994 font command `\rm' has
(scrreprt)              been defined for compatiblitiy to Script 2.0 only.
(scrreprt)              Now, after two decades of LaTeX2e and NFSS2, you
(scrreprt)              shouldn't use such commands any longer and within
(scrreprt)              KOMA-Script usage of `\rm' is definitely deprecated.
(scrreprt)              See `fntguide.pdf' for more information about
(scrreprt)              recommended font commands.
(scrreprt)              Note also, that KOMA-Script will remove the definition
(scrreprt)              of `\rm' anytime until release of about version 3.20.
(scrreprt)              But for now, KOMA-Script will replace deprecated `\rm'
(scrreprt)              by `\normalfont \rmfamily ' on input line 119.

[9 <./images/service_chaining.png (PNG copy)>]
<images/NFV_architektura.png, id=330, 873.2625pt x 643.40375pt>
File: images/NFV_architektura.png Graphic file (type png)

<use images/NFV_architektura.png>
Package pdftex.def Info: images/NFV_architektura.png used on input line 122.
(pdftex.def)             Requested size: 436.63017pt x 321.70108pt.

Overfull \hbox (22.77184pt too wide) in paragraph at lines 122--123
 [][] 
 []


LaTeX Warning: `h' float specifier changed to `ht'.


Class scrreprt Warning: Usage of deprecated font command `\rm'!
(scrreprt)              You should note, that in 1994 font command `\rm' has
(scrreprt)              been defined for compatiblitiy to Script 2.0 only.
(scrreprt)              Now, after two decades of LaTeX2e and NFSS2, you
(scrreprt)              shouldn't use such commands any longer and within
(scrreprt)              KOMA-Script usage of `\rm' is definitely deprecated.
(scrreprt)              See `fntguide.pdf' for more information about
(scrreprt)              recommended font commands.
(scrreprt)              Note also, that KOMA-Script will remove the definition
(scrreprt)              of `\rm' anytime until release of about version 3.20.
(scrreprt)              But for now, KOMA-Script will replace deprecated `\rm'
(scrreprt)              by `\normalfont \rmfamily ' on input line 140.

[10 <./images/service_chaining_new.png (PNG copy)>]

Class scrreprt Warning: Usage of deprecated font command `\rm'!
(scrreprt)              You should note, that in 1994 font command `\rm' has
(scrreprt)              been defined for compatiblitiy to Script 2.0 only.
(scrreprt)              Now, after two decades of LaTeX2e and NFSS2, you
(scrreprt)              shouldn't use such commands any longer and within
(scrreprt)              KOMA-Script usage of `\rm' is definitely deprecated.
(scrreprt)              See `fntguide.pdf' for more information about
(scrreprt)              recommended font commands.
(scrreprt)              Note also, that KOMA-Script will remove the definition
(scrreprt)              of `\rm' anytime until release of about version 3.20.
(scrreprt)              But for now, KOMA-Script will replace deprecated `\rm'
(scrreprt)              by `\normalfont \rmfamily ' on input line 146.

[11 <./images/NFV_architektura.png (PNG copy)>]
<images/infrastruktura.png, id=355, 722.7pt x 332.24126pt>
File: images/infrastruktura.png Graphic file (type png)

<use images/infrastruktura.png>
Package pdftex.def Info: images/infrastruktura.png used on input line 153.
(pdftex.def)             Requested size: 469.74944pt x 215.95424pt.

Overfull \hbox (55.8911pt too wide) in paragraph at lines 153--154
 [][] 
 []


Package hyperref Warning: Composite letter `\textasciicaron+t'
(hyperref)                not defined in PD1 encoding,
(hyperref)                removing `\textasciicaron' on input line 160.


Class scrreprt Warning: Usage of deprecated font command `\rm'!
(scrreprt)              You should note, that in 1994 font command `\rm' has
(scrreprt)              been defined for compatiblitiy to Script 2.0 only.
(scrreprt)              Now, after two decades of LaTeX2e and NFSS2, you
(scrreprt)              shouldn't use such commands any longer and within
(scrreprt)              KOMA-Script usage of `\rm' is definitely deprecated.
(scrreprt)              See `fntguide.pdf' for more information about
(scrreprt)              recommended font commands.
(scrreprt)              Note also, that KOMA-Script will remove the definition
(scrreprt)              of `\rm' anytime until release of about version 3.20.
(scrreprt)              But for now, KOMA-Script will replace deprecated `\rm'
(scrreprt)              by `\normalfont \rmfamily ' on input line 165.

[12 <./images/infrastruktura.png (PNG copy)>]
<images/VNF.png, id=367, 635.37375pt x 397.485pt>
File: images/VNF.png Graphic file (type png)
 <use images/VNF.png>
Package pdftex.def Info: images/VNF.png used on input line 170.
(pdftex.def)             Requested size: 425.6982pt x 266.31357pt.

Overfull \hbox (11.83986pt too wide) in paragraph at lines 170--171
 [][] 
 []

<images/MANO.png, id=368, 681.54625pt x 541.02126pt>
File: images/MANO.png Graphic file (type png)
 <use images/MANO.png>
Package pdftex.def Info: images/MANO.png used on input line 182.
(pdftex.def)             Requested size: 442.99982pt x 351.65964pt.

Overfull \hbox (29.14148pt too wide) in paragraph at lines 182--183
 [][] 
 []


LaTeX Warning: `h' float specifier changed to `ht'.


Class scrreprt Warning: Usage of deprecated font command `\rm'!
(scrreprt)              You should note, that in 1994 font command `\rm' has
(scrreprt)              been defined for compatiblitiy to Script 2.0 only.
(scrreprt)              Now, after two decades of LaTeX2e and NFSS2, you
(scrreprt)              shouldn't use such commands any longer and within
(scrreprt)              KOMA-Script usage of `\rm' is definitely deprecated.
(scrreprt)              See `fntguide.pdf' for more information about
(scrreprt)              recommended font commands.
(scrreprt)              Note also, that KOMA-Script will remove the definition
(scrreprt)              of `\rm' anytime until release of about version 3.20.
(scrreprt)              But for now, KOMA-Script will replace deprecated `\rm'
(scrreprt)              by `\normalfont \rmfamily ' on input line 188.

[13 <./images/VNF.png (PNG copy)>]

Class scrreprt Warning: Usage of deprecated font command `\rm'!
(scrreprt)              You should note, that in 1994 font command `\rm' has
(scrreprt)              been defined for compatiblitiy to Script 2.0 only.
(scrreprt)              Now, after two decades of LaTeX2e and NFSS2, you
(scrreprt)              shouldn't use such commands any longer and within
(scrreprt)              KOMA-Script usage of `\rm' is definitely deprecated.
(scrreprt)              See `fntguide.pdf' for more information about
(scrreprt)              recommended font commands.
(scrreprt)              Note also, that KOMA-Script will remove the definition
(scrreprt)              of `\rm' anytime until release of about version 3.20.
(scrreprt)              But for now, KOMA-Script will replace deprecated `\rm'
(scrreprt)              by `\normalfont \rmfamily ' on input line 196.

[14 <./images/MANO.png (PNG copy)>]

Package hyperref Warning: Composite letter `\textasciicaron+r'
(hyperref)                not defined in PD1 encoding,
(hyperref)                removing `\textasciicaron' on input line 203.


Class scrreprt Warning: Usage of deprecated font command `\rm'!
(scrreprt)              You should note, that in 1994 font command `\rm' has
(scrreprt)              been defined for compatiblitiy to Script 2.0 only.
(scrreprt)              Now, after two decades of LaTeX2e and NFSS2, you
(scrreprt)              shouldn't use such commands any longer and within
(scrreprt)              KOMA-Script usage of `\rm' is definitely deprecated.
(scrreprt)              See `fntguide.pdf' for more information about
(scrreprt)              recommended font commands.
(scrreprt)              Note also, that KOMA-Script will remove the definition
(scrreprt)              of `\rm' anytime until release of about version 3.20.
(scrreprt)              But for now, KOMA-Script will replace deprecated `\rm'
(scrreprt)              by `\normalfont \rmfamily ' on input line 218.

[15]
Overfull \hbox (3.24832pt too wide) in paragraph at lines 229--230
[]\T1/qpl/m/n/10.95 Cisco ASAv - Spo-le-nost Cisco na-bz Adap-tive Secu-rity
 Vir-tual Ap-pli-ance (ASAv),
 []


Class scrreprt Warning: Usage of deprecated font command `\rm'!
(scrreprt)              You should note, that in 1994 font command `\rm' has
(scrreprt)              been defined for compatiblitiy to Script 2.0 only.
(scrreprt)              Now, after two decades of LaTeX2e and NFSS2, you
(scrreprt)              shouldn't use such commands any longer and within
(scrreprt)              KOMA-Script usage of `\rm' is definitely deprecated.
(scrreprt)              See `fntguide.pdf' for more information about
(scrreprt)              recommended font commands.
(scrreprt)              Note also, that KOMA-Script will remove the definition
(scrreprt)              of `\rm' anytime until release of about version 3.20.
(scrreprt)              But for now, KOMA-Script will replace deprecated `\rm'
(scrreprt)              by `\normalfont \rmfamily ' on input line 238.

[16])

Class scrreprt Warning: Usage of deprecated font command `\rm'!
(scrreprt)              You should note, that in 1994 font command `\rm' has
(scrreprt)              been defined for compatiblitiy to Script 2.0 only.
(scrreprt)              Now, after two decades of LaTeX2e and NFSS2, you
(scrreprt)              shouldn't use such commands any longer and within
(scrreprt)              KOMA-Script usage of `\rm' is definitely deprecated.
(scrreprt)              See `fntguide.pdf' for more information about
(scrreprt)              recommended font commands.
(scrreprt)              Note also, that KOMA-Script will remove the definition
(scrreprt)              of `\rm' anytime until release of about version 3.20.
(scrreprt)              But for now, KOMA-Script will replace deprecated `\rm'
(scrreprt)              by `\normalfont \rmfamily ' on input line 275.

[17]
\openout2 = `chapter3.aux'.

 (./chapter3.tex
Kapitola 3.

Package hyperref Warning: Composite letter `\textasciicaron+r'
(hyperref)                not defined in PD1 encoding,
(hyperref)                removing `\textasciicaron' on input line 1.


Package hyperref Warning: Composite letter `\textasciicaron+r'
(hyperref)                not defined in PD1 encoding,
(hyperref)                removing `\textasciicaron' on input line 5.

<images/VNF_overview.png, id=399, 578.16pt x 385.44pt>
File: images/VNF_overview.png Graphic file (type png)

<use images/VNF_overview.png>
Package pdftex.def Info: images/VNF_overview.png used on input line 11.
(pdftex.def)             Requested size: 294.8577pt x 196.5718pt.

Overfull \hbox (1.8355pt too wide) in paragraph at lines 16--17
\T1/qpl/m/n/10.95 tu-ln vr-svu a byl vy-brn, pro-toe je nej-as-tji po-u-
-vn spo-len s Open-Stac-kem. Avak
 []

[18




 <./images/VNF_overview.png (PNG copy)>]

Package hyperref Warning: Composite letter `\textasciicaron+r'
(hyperref)                not defined in PD1 encoding,
(hyperref)                removing `\textasciicaron' on input line 36.


Package hyperref Warning: Composite letter `\textasciicaron+r'
(hyperref)                not defined in PD1 encoding,
(hyperref)                removing `\textasciicaron' on input line 38.


Package hyperref Warning: Composite letter `\textasciicaron+r'
(hyperref)                not defined in PD1 encoding,
(hyperref)                removing `\textasciicaron' on input line 40.

<images/heat.png, id=405, 1884.03876pt x 589.20125pt>
File: images/heat.png Graphic file (type png)
 <use images/heat.png>
Package pdftex.def Info: images/heat.png used on input line 46.
(pdftex.def)             Requested size: 395.65982pt x 123.7359pt.


LaTeX Warning: `h' float specifier changed to `ht'.


Class scrreprt Warning: Usage of deprecated font command `\rm'!
(scrreprt)              You should note, that in 1994 font command `\rm' has
(scrreprt)              been defined for compatiblitiy to Script 2.0 only.
(scrreprt)              Now, after two decades of LaTeX2e and NFSS2, you
(scrreprt)              shouldn't use such commands any longer and within
(scrreprt)              KOMA-Script usage of `\rm' is definitely deprecated.
(scrreprt)              See `fntguide.pdf' for more information about
(scrreprt)              recommended font commands.
(scrreprt)              Note also, that KOMA-Script will remove the definition
(scrreprt)              of `\rm' anytime until release of about version 3.20.
(scrreprt)              But for now, KOMA-Script will replace deprecated `\rm'
(scrreprt)              by `\normalfont \rmfamily ' on input line 62.

[19])

Class scrreprt Warning: Usage of deprecated font command `\rm'!
(scrreprt)              You should note, that in 1994 font command `\rm' has
(scrreprt)              been defined for compatiblitiy to Script 2.0 only.
(scrreprt)              Now, after two decades of LaTeX2e and NFSS2, you
(scrreprt)              shouldn't use such commands any longer and within
(scrreprt)              KOMA-Script usage of `\rm' is definitely deprecated.
(scrreprt)              See `fntguide.pdf' for more information about
(scrreprt)              recommended font commands.
(scrreprt)              Note also, that KOMA-Script will remove the definition
(scrreprt)              of `\rm' anytime until release of about version 3.20.
(scrreprt)              But for now, KOMA-Script will replace deprecated `\rm'
(scrreprt)              by `\normalfont \rmfamily ' on input line 276.

[20 <./images/heat.png>]
\openout2 = `chapter4.aux'.

 (./chapter4.tex
Kapitola 4.

Package hyperref Warning: Composite letter `\textasciicaron+r'
(hyperref)                not defined in PD1 encoding,
(hyperref)                removing `\textasciicaron' on input line 1.

<images/ravello_topologie.png, id=417, 931.48pt x 559.08875pt>
File: images/ravello_topologie.png Graphic file (type png)

<use images/ravello_topologie.png>
Package pdftex.def Info: images/ravello_topologie.png used on input line 13.
(pdftex.def)             Requested size: 381.90927pt x 229.22786pt.


LaTeX Warning: `h' float specifier changed to `ht'.


Package hyperref Warning: Composite letter `\textasciicaron+t'
(hyperref)                not defined in PD1 encoding,
(hyperref)                removing `\textasciicaron' on input line 19.

[21




]
LaTeX Font Info:    Try loading font information for T1+qcr on input line 38.
 (/usr/share/texmf/tex/latex/tex-gyre/t1qcr.fd
File: t1qcr.fd 2009/09/25 v1.2 font definition file for T1/qcr
)
Overfull \hbox (24.07903pt too wide) in paragraph at lines 38--39
[][]\T1/qcr/m/n/10.95 heat stack-create -f he-at/-tem-pla-te-s/l-baas_template.
hot -e he-at/e-
 []

<images/lbaas1.png, id=422, 943.525pt x 205.76875pt>
File: images/lbaas1.png Graphic file (type png)
 <use images/lbaas1.png>
Package pdftex.def Info: images/lbaas1.png used on input line 44.
(pdftex.def)             Requested size: 424.58232pt x 92.59506pt.

Overfull \hbox (10.72398pt too wide) in paragraph at lines 44--45
 [][] 
 []


LaTeX Warning: `h' float specifier changed to `ht'.

<images/lbaas2.png, id=423, 943.525pt x 259.97125pt>
File: images/lbaas2.png Graphic file (type png)
 <use images/lbaas2.png>
Package pdftex.def Info: images/lbaas2.png used on input line 51.
(pdftex.def)             Requested size: 424.58232pt x 116.98598pt.

Overfull \hbox (10.72398pt too wide) in paragraph at lines 51--52
 [][] 
 []


LaTeX Warning: `h' float specifier changed to `ht'.

<images/lbaas3.png, id=424, 943.525pt x 209.78375pt>
File: images/lbaas3.png Graphic file (type png)
 <use images/lbaas3.png>
Package pdftex.def Info: images/lbaas3.png used on input line 60.
(pdftex.def)             Requested size: 424.58232pt x 94.4018pt.

Overfull \hbox (10.72398pt too wide) in paragraph at lines 60--61
 [][] 
 []


LaTeX Warning: `h' float specifier changed to `ht'.

<images/lbaas_topologie.png, id=425, 885.3075pt x 571.13374pt>
File: images/lbaas_topologie.png Graphic file (type png)

<use images/lbaas_topologie.png>
Package pdftex.def Info: images/lbaas_topologie.png used on input line 70.
(pdftex.def)             Requested size: 398.38469pt x 257.00781pt.


Class scrreprt Warning: Usage of deprecated font command `\rm'!
(scrreprt)              You should note, that in 1994 font command `\rm' has
(scrreprt)              been defined for compatiblitiy to Script 2.0 only.
(scrreprt)              Now, after two decades of LaTeX2e and NFSS2, you
(scrreprt)              shouldn't use such commands any longer and within
(scrreprt)              KOMA-Script usage of `\rm' is definitely deprecated.
(scrreprt)              See `fntguide.pdf' for more information about
(scrreprt)              recommended font commands.
(scrreprt)              Note also, that KOMA-Script will remove the definition
(scrreprt)              of `\rm' anytime until release of about version 3.20.
(scrreprt)              But for now, KOMA-Script will replace deprecated `\rm'
(scrreprt)              by `\normalfont \rmfamily ' on input line 73.

[22 <./images/ravello_topologie.png>]

LaTeX Warning: `h' float specifier changed to `ht'.

<images/lbaas_testing.png, id=433, 374.39874pt x 537.00626pt>
File: images/lbaas_testing.png Graphic file (type png)

<use images/lbaas_testing.png>
Package pdftex.def Info: images/lbaas_testing.png used on input line 79.
(pdftex.def)             Requested size: 168.47787pt x 241.65057pt.


LaTeX Warning: `h' float specifier changed to `ht'.


Overfull \hbox (30.64902pt too wide) in paragraph at lines 90--91
[][]\T1/qcr/m/n/10.95 heat stack-create -f he-at/-tem-pla-te-s/-fwaas_mnmg_temp
late.hot -e he-
 []


Overfull \hbox (30.64902pt too wide) in paragraph at lines 94--95
[][]\T1/qcr/m/n/10.95 heat stack-create -f he-at/-tem-pla-te-s/-fwaas_mnmg_temp
late.hot -e he-
 []

<images/fwaas_topologie.png, id=434, 842.14626pt x 572.1375pt>
File: images/fwaas_topologie.png Graphic file (type png)

<use images/fwaas_topologie.png>
Package pdftex.def Info: images/fwaas_topologie.png used on input line 99.
(pdftex.def)             Requested size: 378.96231pt x 257.45949pt.


LaTeX Warning: `h' float specifier changed to `ht'.

<images/pfsense_ping.png, id=435, 943.525pt x 284.06125pt>
File: images/pfsense_ping.png Graphic file (type png)

<use images/pfsense_ping.png>
Package pdftex.def Info: images/pfsense_ping.png used on input line 111.
(pdftex.def)             Requested size: 424.58232pt x 127.82637pt.

Overfull \hbox (10.72398pt too wide) in paragraph at lines 111--112
 [][] 
 []


LaTeX Warning: `h' float specifier changed to `ht'.

<images/pfsense_nat.png, id=436, 943.525pt x 252.945pt>
File: images/pfsense_nat.png Graphic file (type png)

<use images/pfsense_nat.png>
Package pdftex.def Info: images/pfsense_nat.png used on input line 118.
(pdftex.def)             Requested size: 424.58232pt x 113.82419pt.

Overfull \hbox (10.72398pt too wide) in paragraph at lines 118--119
 [][] 
 []


LaTeX Warning: `h' float specifier changed to `ht'.

<images/fortigate_int.png, id=437, 671.50874pt x 565.11125pt>
File: images/fortigate_int.png Graphic file (type png)

<use images/fortigate_int.png>
Package pdftex.def Info: images/fortigate_int.png used on input line 127.
(pdftex.def)             Requested size: 302.17615pt x 254.2977pt.


Class scrreprt Warning: Usage of deprecated font command `\rm'!
(scrreprt)              You should note, that in 1994 font command `\rm' has
(scrreprt)              been defined for compatiblitiy to Script 2.0 only.
(scrreprt)              Now, after two decades of LaTeX2e and NFSS2, you
(scrreprt)              shouldn't use such commands any longer and within
(scrreprt)              KOMA-Script usage of `\rm' is definitely deprecated.
(scrreprt)              See `fntguide.pdf' for more information about
(scrreprt)              recommended font commands.
(scrreprt)              Note also, that KOMA-Script will remove the definition
(scrreprt)              of `\rm' anytime until release of about version 3.20.
(scrreprt)              But for now, KOMA-Script will replace deprecated `\rm'
(scrreprt)              by `\normalfont \rmfamily ' on input line 130.

[23 <./images/lbaas1.png> <./images/lbaas2.png>]

LaTeX Warning: `h' float specifier changed to `ht'.

<images/fortigate_nat.png, id=447, 817.0525pt x 541.02126pt>
File: images/fortigate_nat.png Graphic file (type png)

<use images/fortigate_nat.png>
Package pdftex.def Info: images/fortigate_nat.png used on input line 134.
(pdftex.def)             Requested size: 367.67023pt x 243.4573pt.


LaTeX Warning: `h' float specifier changed to `ht'.

<images/fortigate_ping.png, id=448, 943.525pt x 250.9375pt>
File: images/fortigate_ping.png Graphic file (type png)

<use images/fortigate_ping.png>
Package pdftex.def Info: images/fortigate_ping.png used on input line 141.
(pdftex.def)             Requested size: 424.58232pt x 112.92082pt.

Overfull \hbox (10.72398pt too wide) in paragraph at lines 141--142
 [][] 
 []


LaTeX Warning: `h' float specifier changed to `ht'.

)

Class scrreprt Warning: Usage of deprecated font command `\rm'!
(scrreprt)              You should note, that in 1994 font command `\rm' has
(scrreprt)              been defined for compatiblitiy to Script 2.0 only.
(scrreprt)              Now, after two decades of LaTeX2e and NFSS2, you
(scrreprt)              shouldn't use such commands any longer and within
(scrreprt)              KOMA-Script usage of `\rm' is definitely deprecated.
(scrreprt)              See `fntguide.pdf' for more information about
(scrreprt)              recommended font commands.
(scrreprt)              Note also, that KOMA-Script will remove the definition
(scrreprt)              of `\rm' anytime until release of about version 3.20.
(scrreprt)              But for now, KOMA-Script will replace deprecated `\rm'
(scrreprt)              by `\normalfont \rmfamily ' on input line 277.

[24 <./images/lbaas3.png> <./images/lbaas_topologie.png>]

Class scrreprt Warning: Usage of deprecated font command `\rm'!
(scrreprt)              You should note, that in 1994 font command `\rm' has
(scrreprt)              been defined for compatiblitiy to Script 2.0 only.
(scrreprt)              Now, after two decades of LaTeX2e and NFSS2, you
(scrreprt)              shouldn't use such commands any longer and within
(scrreprt)              KOMA-Script usage of `\rm' is definitely deprecated.
(scrreprt)              See `fntguide.pdf' for more information about
(scrreprt)              recommended font commands.
(scrreprt)              Note also, that KOMA-Script will remove the definition
(scrreprt)              of `\rm' anytime until release of about version 3.20.
(scrreprt)              But for now, KOMA-Script will replace deprecated `\rm'
(scrreprt)              by `\normalfont \rmfamily ' on input line 277.

[25 <./images/lbaas_testing.png> <./images/fwaas_topologie.png>]

Class scrreprt Warning: Usage of deprecated font command `\rm'!
(scrreprt)              You should note, that in 1994 font command `\rm' has
(scrreprt)              been defined for compatiblitiy to Script 2.0 only.
(scrreprt)              Now, after two decades of LaTeX2e and NFSS2, you
(scrreprt)              shouldn't use such commands any longer and within
(scrreprt)              KOMA-Script usage of `\rm' is definitely deprecated.
(scrreprt)              See `fntguide.pdf' for more information about
(scrreprt)              recommended font commands.
(scrreprt)              Note also, that KOMA-Script will remove the definition
(scrreprt)              of `\rm' anytime until release of about version 3.20.
(scrreprt)              But for now, KOMA-Script will replace deprecated `\rm'
(scrreprt)              by `\normalfont \rmfamily ' on input line 277.

[26 <./images/pfsense_ping.png> <./images/pfsense_nat.png> <./images/fortigate_
int.png>]

Class scrreprt Warning: Usage of deprecated font command `\rm'!
(scrreprt)              You should note, that in 1994 font command `\rm' has
(scrreprt)              been defined for compatiblitiy to Script 2.0 only.
(scrreprt)              Now, after two decades of LaTeX2e and NFSS2, you
(scrreprt)              shouldn't use such commands any longer and within
(scrreprt)              KOMA-Script usage of `\rm' is definitely deprecated.
(scrreprt)              See `fntguide.pdf' for more information about
(scrreprt)              recommended font commands.
(scrreprt)              Note also, that KOMA-Script will remove the definition
(scrreprt)              of `\rm' anytime until release of about version 3.20.
(scrreprt)              But for now, KOMA-Script will replace deprecated `\rm'
(scrreprt)              by `\normalfont \rmfamily ' on input line 277.

[27 <./images/fortigate_nat.png> <./images/fortigate_ping.png>]
\openout2 = `chapter5.aux'.

 (./chapter5.tex
Kapitola 5.

Package hyperref Warning: Composite letter `\textring+u'
(hyperref)                not defined in PD1 encoding,
(hyperref)                removing `\textring' on input line 1.

) [28




]
\openout2 = `chapter6.aux'.

 (./chapter6.tex
Kapitola 6.

Package hyperref Warning: Composite letter `\textasciicaron+e'
(hyperref)                not defined in PD1 encoding,
(hyperref)                removing `\textasciicaron' on input line 1.

) [29




]
\openout2 = `bibliography.aux'.

 (./bibliography.tex
Underfull \hbox (badness 5490) in paragraph at lines 12--13
[]\T1/qpl/m/n/10.95 MIJUMBI, Ra-shid, Joan SERRAT, Juan-Luis GOR-RI-CHO, Niels 
BOU-TEN,
 []


Underfull \hbox (badness 2269) in paragraph at lines 12--13
\T1/qpl/m/it/10.95 the-Art and Re-search Challen-ges. \T1/qpl/m/n/10.95 IEEE Co
m-mu-ni-cati-ons Sur-veys. 2016, 18(1),
 []


Underfull \hbox (badness 1565) in paragraph at lines 12--13
\T1/qpl/m/n/10.95 236-262. DOI: 10.1109/COMST.2015.2477041. ISSN 1553-877x. Do-
stupn tak
 []


Underfull \hbox (badness 10000) in paragraph at lines 12--13
\T1/qpl/m/n/10.95 z: []$\T1/qcr/m/n/10.95 http : / / ieeexplore . ieee . org / 
lpdocs / epic03 / wrapper . htm ?
 []


Underfull \hbox (badness 1400) in paragraph at lines 14--15
\T1/qpl/m/it/10.95 function vir-tu-a-li-zation: Challen-ges and op-por-tu-ni-ti
es for in-no-vati-ons\T1/qpl/m/n/10.95 . IEEE Com-
 []


Underfull \hbox (badness 10000) in paragraph at lines 20--21
[][]$\T1/qcr/m/n/10.95 http : / / www . rightscale . com / blog / cloud-[]indus
try-[]insights /
 []


Underfull \hbox (badness 10000) in paragraph at lines 26--27
[]\T1/qpl/m/n/10.95 ETSI, ^^PNe-twork Function Vir-tu-a-li-zation: Use Ca-ses^^
Q, []$\T1/qcr/m/n/10.95 http : / / www .
 []


Underfull \hbox (badness 10000) in paragraph at lines 26--27
\T1/qcr/m/n/10.95 etsi . org / deliver / etsi _ gs / NFV / 001 _ 099 / 001 / 01
 . 01 . 01 _ 60 / gs _
 []

[30




]
Underfull \hbox (badness 1117) in paragraph at lines 28--29
\T1/qpl/m/n/10.95 2015, 103(1), 14-76 [cit. 2016-04-09]. DOI: 10.1109/J-PROC.20
14.2371999. ISSN
 []


Underfull \hbox (badness 10000) in paragraph at lines 36--37
[][]$\T1/qcr/m/n/10.95 http : / / www . etsi . org / deliver / etsi _ gs / NFV-
[]INF / 001 _ 099 / 001 / 01 .
 []


Underfull \hbox (badness 10000) in paragraph at lines 38--39
[][]$\T1/qcr/m/n/10.95 http : / / www . etsi . org / deliver / etsi _ gs / NFV-
[]INF / 001 _ 099 / 003 / 01 .
 []


Underfull \hbox (badness 10000) in paragraph at lines 40--41
[][]$\T1/qcr/m/n/10.95 http : / / www . etsi . org / deliver / etsi _ gs / NFV-
[]INF / 001 _ 099 / 004 / 01 .
 []


Underfull \hbox (badness 10000) in paragraph at lines 42--43
[][]$\T1/qcr/m/n/10.95 http : / / www . etsi . org / deliver / etsi _ gs / NFV-
[]INF / 001 _ 099 / 005 / 01 .
 []


Underfull \hbox (badness 10000) in paragraph at lines 44--45
[][]$\T1/qcr/m/n/10.95 http : / / www . etsi . org / deliver / etsi _ gs / NFV-
[]SWA / 001 _ 099 / 001 / 01 .
 []


Underfull \hbox (badness 10000) in paragraph at lines 46--47
[][]$\T1/qcr/m/n/10.95 http : / / www . etsi . org / deliver / etsi _ gs / NFV-
[]MAN / 001 _ 099 / 001 / 01 .
 []


Underfull \hbox (badness 1648) in paragraph at lines 48--49
\T1/qpl/m/n/10.95 54(1), 98-105. DOI: 10.1109/M-COM.2016.7378433. ISSN 0163-680
4. Do-stupn
 []


Underfull \hbox (badness 2469) in paragraph at lines 48--49
\T1/qpl/m/n/10.95 tak z: []$\T1/qcr/m/n/10.95 http : / / ieeexplore . ieee . o
rg / lpdocs / epic03 / wrapper . htm ?
 []


Class scrreprt Warning: Usage of deprecated font command `\rm'!
(scrreprt)              You should note, that in 1994 font command `\rm' has
(scrreprt)              been defined for compatiblitiy to Script 2.0 only.
(scrreprt)              Now, after two decades of LaTeX2e and NFSS2, you
(scrreprt)              shouldn't use such commands any longer and within
(scrreprt)              KOMA-Script usage of `\rm' is definitely deprecated.
(scrreprt)              See `fntguide.pdf' for more information about
(scrreprt)              recommended font commands.
(scrreprt)              Note also, that KOMA-Script will remove the definition
(scrreprt)              of `\rm' anytime until release of about version 3.20.
(scrreprt)              But for now, KOMA-Script will replace deprecated `\rm'
(scrreprt)              by `\normalfont \rmfamily ' on input line 49.

[31]
Underfull \hbox (badness 10000) in paragraph at lines 52--53
[]\T1/qpl/m/n/10.95 http://www.alticelabs.com/content/WP-An-NFV-SDN-Enabled-Ser
vice-
 []


Overfull \hbox (11.3513pt too wide) in paragraph at lines 54--55
[]\T1/qpl/m/n/10.95 http://www.tmcnet.com/tmc/whitepapers/documents/whitepapers
/2013/9377-
 []

)

Class scrreprt Warning: Usage of deprecated font command `\rm'!
(scrreprt)              You should note, that in 1994 font command `\rm' has
(scrreprt)              been defined for compatiblitiy to Script 2.0 only.
(scrreprt)              Now, after two decades of LaTeX2e and NFSS2, you
(scrreprt)              shouldn't use such commands any longer and within
(scrreprt)              KOMA-Script usage of `\rm' is definitely deprecated.
(scrreprt)              See `fntguide.pdf' for more information about
(scrreprt)              recommended font commands.
(scrreprt)              Note also, that KOMA-Script will remove the definition
(scrreprt)              of `\rm' anytime until release of about version 3.20.
(scrreprt)              But for now, KOMA-Script will replace deprecated `\rm'
(scrreprt)              by `\normalfont \rmfamily ' on input line 282.

[32]
\openout2 = `prilohy.aux'.

 (./prilohy.tex

Package hyperref Warning: Composite letter `\textasciicaron+r'
(hyperref)                not defined in PD1 encoding,
(hyperref)                removing `\textasciicaron' on input line 3.

[1






] (./thesis.lof)
\tf@lof=\write6
\openout6 = `thesis.lof'.

 [2


] (./thesis.lot)
\tf@lot=\write7
\openout7 = `thesis.lot'.



Class scrreprt Warning: \float@listhead detected!
(scrreprt)              Implementation of \float@listhead became
(scrreprt)              deprecated in KOMA-Script v3.01 2008/11/14 and
(scrreprt)              has been replaced by more several more flexible
(scrreprt)              features of package `tocbasic`.
(scrreprt)              Maybe implementation of \float@listhead will
(scrreprt)              be removed from KOMA-Script soon.
(scrreprt)              Loading of package `scrhack' may help to
(scrreprt)              avoid this warning, if you are using a
(scrreprt)              a package that still implements the
(scrreprt)              deprecated \float@listhead interface  on input line 12.


[3


] (./thesis.lol)
\tf@lol=\write8
\openout8 = `thesis.lol'.

) [4


] <zadani.pdf, id=584, 597.23125pt x 845.1575pt>
File: zadani.pdf Graphic file (type pdf)

<use zadani.pdf>
Package pdftex.def Info: zadani.pdf used on input line 289.
(pdftex.def)             Requested size: 597.22978pt x 845.15544pt.
File: zadani.pdf Graphic file (type pdf)
 <use zadani.pdf>
Package pdftex.def Info: zadani.pdf used on input line 289.
(pdftex.def)             Requested size: 597.22978pt x 845.15544pt.

<zadani.pdf, id=587, page=1, 597.23125pt x 845.1575pt>
File: zadani.pdf Graphic file (type pdf)

<use zadani.pdf, page 1>
Package pdftex.def Info: zadani.pdf, page1 used on input line 289.
(pdftex.def)             Requested size: 597.22978pt x 845.15544pt.
File: zadani.pdf Graphic file (type pdf)
 <use zadani.pdf, page 1>
Package pdftex.def Info: zadani.pdf, page1 used on input line 289.
(pdftex.def)             Requested size: 597.25711pt x 845.19412pt.
File: zadani.pdf Graphic file (type pdf)
 <use zadani.pdf, page 1>
Package pdftex.def Info: zadani.pdf, page1 used on input line 289.
(pdftex.def)             Requested size: 597.25711pt x 845.19412pt.
File: zadani.pdf Graphic file (type pdf)

<use zadani.pdf, page 1>
Package pdftex.def Info: zadani.pdf, page1 used on input line 289.
(pdftex.def)             Requested size: 597.25711pt x 845.19412pt.
File: zadani.pdf Graphic file (type pdf)
 <use zadani.pdf, page 1>
Package pdftex.def Info: zadani.pdf, page1 used on input line 289.
(pdftex.def)             Requested size: 597.25711pt x 845.19412pt.
 [5

 <./zadani.pdf>]
Package atveryend Info: Empty hook `BeforeClearDocument' on input line 291.
Package atveryend Info: Empty hook `AfterLastShipout' on input line 291.

(./thesis.aux (./chapter1.aux) (./chapter2.aux) (./chapter3.aux)
(./chapter4.aux) (./chapter5.aux) (./chapter6.aux) (./bibliography.aux)
(./prilohy.aux))
Package atveryend Info: Executing hook `AtVeryEndDocument' on input line 291.
Package atveryend Info: Executing hook `AtEndAfterFileList' on input line 291.
Package rerunfilecheck Info: File `thesis.out' has not changed.
(rerunfilecheck)             Checksum: 0DF4E728B6B104CADA0FF43EB2535A03;2689.


LaTeX Font Warning: Some font shapes were not available, defaults substituted.


LaTeX Warning: There were multiply-defined labels.

Package atveryend Info: Empty hook `AtVeryVeryEnd' on input line 291.
 ) 
Here is how much of TeX's memory you used:
 13051 strings out of 494994
 196629 string characters out of 6180200
 359083 words of memory out of 5000000
 15760 multiletter control sequences out of 15000+600000
 85010 words of font info for 66 fonts, out of 8000000 for 9000
 24 hyphenation exceptions out of 8191
 43i,18n,55p,1143b,578s stack positions out of 5000i,500n,10000p,200000b,80000s
{/usr/share/texmf/fonts/enc/dvips/tex-gyre/q-ec.enc}{/usr/share/texmf/fonts/e
nc/dvips/tex-gyre/q-ec-sc.enc}</usr/share/texlive/texmf-dist/fonts/type1/public
/amsfonts/cm/cmsy10.pfb></usr/share/texmf/fonts/type1/public/tex-gyre/qcrr.pfb>
</usr/share/texmf/fonts/type1/public/tex-gyre/qhvb.pfb></usr/share/texmf/fonts/
type1/public/tex-gyre/qhvr.pfb></usr/share/texmf/fonts/type1/public/tex-gyre/qp
lb.pfb></usr/share/texmf/fonts/type1/public/tex-gyre/qplr.pfb></usr/share/texmf
/fonts/type1/public/tex-gyre/qplri.pfb>
Output written on thesis.pdf (43 pages, 1109960 bytes).
PDF statistics:
 662 PDF objects out of 1000 (max. 8388607)
 555 compressed objects within 6 object streams
 136 named destinations out of 1000 (max. 500000)
 468 words of extra memory for PDF output out of 10000 (max. 10000000)

