\BOOKMARK [0][-]{chapter.1}{\332vod}{}% 1
\BOOKMARK [0][-]{chapter.2}{Z\341kladn\355 problematika virtualizace s\355tov\375ch funkc\355}{}% 2
\BOOKMARK [1][-]{section.2.1}{Princip virtualizace}{chapter.2}% 3
\BOOKMARK [1][-]{section.2.2}{Cloud computing}{chapter.2}% 4
\BOOKMARK [2][-]{subsection.2.2.1}{Model nasazen\355}{section.2.2}% 5
\BOOKMARK [2][-]{subsection.2.2.2}{Distribucn\355 model}{section.2.2}% 6
\BOOKMARK [2][-]{subsection.2.2.3}{V\375hody}{section.2.2}% 7
\BOOKMARK [1][-]{section.2.3}{Softwarove definovan\351 s\355te}{chapter.2}% 8
\BOOKMARK [1][-]{section.2.4}{Virtualizovan\351 s\355tov\351 funkce}{chapter.2}% 9
\BOOKMARK [2][-]{subsection.2.4.1}{Z\341kladn\355 architektura}{section.2.4}% 10
\BOOKMARK [2][-]{subsection.2.4.2}{Management a orchestrace}{section.2.4}% 11
\BOOKMARK [0][-]{chapter.3}{Popis pou\236it\375ch technologi\355 a testovac\355ho prostred\355}{}% 12
\BOOKMARK [1][-]{section.3.1}{OpenStack}{chapter.3}% 13
\BOOKMARK [2][-]{subsection.3.1.1}{Heat Templates}{section.3.1}% 14
\BOOKMARK [1][-]{section.3.2}{OpenContrail}{chapter.3}% 15
\BOOKMARK [2][-]{subsection.3.2.1}{Service Chaining}{section.3.2}% 16
\BOOKMARK [1][-]{section.3.3}{Testovac\355 topologie}{chapter.3}% 17
\BOOKMARK [1][-]{section.3.4}{Testovan\351 s\355tov\351 funkce}{chapter.3}% 18
\BOOKMARK [0][-]{chapter.4}{N\341vrh re\235en\355 virtualizace s\355tov\375ch funkc\355}{}% 19
\BOOKMARK [1][-]{section.4.1}{Heat template pro LbaaS}{chapter.4}% 20
\BOOKMARK [2][-]{subsection.4.1.1}{Testov\341n\355 LbaaS}{section.4.1}% 21
\BOOKMARK [1][-]{section.4.2}{Heat template pro FwaaS}{chapter.4}% 22
\BOOKMARK [2][-]{subsection.4.2.1}{Testov\341n\355 FwaaS}{section.4.2}% 23
\BOOKMARK [0][-]{chapter.5}{Shrnut\355 poznatku}{}% 24
\BOOKMARK [0][-]{chapter.6}{Z\341ver}{}% 25
\BOOKMARK [-1][-]{chapter.6}{Literatura}{}% 26
\BOOKMARK [-1][-]{chapter*.23}{Pr\355lohy}{}% 27
